SF:lib/core/io/failure.dart
DA:4,8
DA:6,5
DA:7,5
DA:9,2
DA:12,1
DA:13,3
DA:14,3
DA:16,1
DA:17,2
LF:9
LH:9
end_of_record
SF:lib/features/auth/domain/entity/user_entity.dart
DA:10,3
DA:20,1
DA:21,1
DA:22,3
DA:23,3
DA:24,3
DA:25,3
DA:26,3
DA:27,3
DA:28,3
DA:32,1
DA:33,1
DA:34,1
DA:35,1
DA:36,1
DA:37,1
DA:38,1
DA:39,1
DA:40,1
LF:19
LH:19
end_of_record
SF:lib/features/home/domain/entities/project_entity.dart
DA:9,1
DA:18,0
DA:19,0
DA:20,0
DA:21,0
DA:22,0
LF:6
LH:1
end_of_record
SF:lib/features/home/domain/use_cases/home_use_cases.dart
DA:14,0
DA:16,0
DA:18,0
DA:25,0
DA:27,0
DA:29,0
DA:36,0
DA:38,0
DA:40,0
LF:9
LH:0
end_of_record
SF:lib/features/home/presentation/cubits/fetch_projects/fetch_projects_cubit.dart
DA:9,1
DA:10,2
DA:12,1
DA:13,2
DA:15,2
DA:16,1
DA:17,3
DA:18,3
DA:19,3
DA:22,3
LF:10
LH:10
end_of_record
SF:lib/features/home/presentation/cubits/fetch_projects/fetch_projects_state.dart
DA:5,1
DA:6,1
DA:11,1
DA:12,1
DA:13,2
DA:18,1
DA:19,1
DA:20,2
LF:8
LH:8
end_of_record
SF:lib/core/io/success.dart
DA:3,5
LF:1
LH:1
end_of_record
SF:lib/features/home/domain/entities/home_user_entity.dart
DA:7,0
DA:14,0
DA:15,0
DA:16,0
DA:17,0
DA:18,0
DA:22,0
DA:23,0
DA:24,0
DA:25,0
DA:26,0
LF:11
LH:0
end_of_record
SF:lib/features/auth/domain/use_case/auth_use_case.dart
DA:11,1
DA:13,1
DA:15,2
DA:21,1
DA:23,1
DA:25,2
DA:31,1
DA:33,0
DA:35,0
DA:41,1
DA:43,1
DA:45,2
LF:12
LH:10
end_of_record
SF:lib/features/auth/presentation/cubits/auth/sign_in/google_sign_in_state.dart
DA:5,1
DA:6,1
DA:11,1
DA:16,1
LF:4
LH:4
end_of_record
SF:lib/features/auth/presentation/cubits/auth/sign_in/google_sign_in_cubit.dart
DA:12,3
DA:14,1
DA:15,2
DA:17,2
DA:18,1
DA:19,3
DA:20,3
DA:23,2
DA:24,3
LF:9
LH:9
end_of_record
SF:lib/features/auth/presentation/cubits/auth/sign_in/sign_in_cubit.dart
DA:12,3
DA:16,1
DA:17,2
DA:18,2
DA:20,2
DA:21,2
DA:22,1
DA:23,2
LF:8
LH:8
end_of_record
SF:lib/features/auth/presentation/cubits/auth/sign_in/sign_in_state.dart
DA:4,0
DA:5,0
DA:10,1
DA:15,1
LF:4
LH:2
end_of_record
SF:lib/features/project_details/domain/entity/task_entity.dart
DA:25,2
DA:45,0
DA:46,0
DA:47,0
DA:48,0
DA:49,0
DA:50,0
DA:51,0
DA:52,0
DA:53,0
DA:54,0
DA:55,0
DA:56,0
DA:57,0
DA:58,0
DA:59,0
DA:60,0
DA:62,0
DA:63,0
DA:64,0
DA:65,0
DA:67,0
DA:68,0
DA:69,0
DA:72,0
DA:73,0
DA:74,0
DA:75,0
DA:76,0
DA:77,0
DA:78,0
DA:79,0
DA:80,0
DA:81,0
DA:82,0
DA:83,0
DA:84,0
LF:37
LH:1
end_of_record
SF:lib/features/project_details/domain/use_case/project_details_use_case.dart
DA:11,0
DA:12,0
DA:14,0
DA:20,0
DA:21,0
DA:23,0
DA:29,0
DA:30,0
DA:32,0
DA:38,0
DA:39,0
DA:41,0
LF:12
LH:0
end_of_record
SF:lib/features/project_details/presentation/cubits/fetch_task/fetch_task_cubit.dart
DA:13,3
DA:15,1
DA:16,2
DA:18,2
DA:19,1
DA:20,3
DA:21,3
DA:24,3
LF:8
LH:8
end_of_record
SF:lib/features/project_details/presentation/cubits/fetch_task/fetch_task_state.dart
DA:4,1
DA:5,1
DA:14,1
DA:15,1
DA:16,2
DA:21,1
DA:22,1
DA:23,2
LF:8
LH:8
end_of_record
SF:lib/features/project_details/domain/entity/assignee_entity.dart
DA:5,0
LF:1
LH:0
end_of_record
SF:lib/features/project_details/domain/entity/sub_task_entity.dart
DA:5,0
LF:1
LH:0
end_of_record
SF:lib/features/project_details/presentation/cubits/delete_task/delete_task_state.dart
DA:4,1
DA:6,1
DA:7,1
DA:17,1
DA:19,1
DA:20,2
DA:26,1
DA:28,1
DA:29,2
LF:9
LH:9
end_of_record
SF:lib/features/project_details/presentation/cubits/delete_task/detele_task_cubit.dart
DA:12,3
DA:14,1
DA:15,2
DA:16,2
DA:17,1
DA:18,1
DA:19,2
DA:21,1
DA:22,2
LF:9
LH:9
end_of_record
SF:lib/features/project_details/presentation/cubits/create_task/create_task_cubit.dart
DA:10,3
DA:12,1
DA:13,2
DA:14,2
DA:15,1
DA:16,1
DA:17,2
DA:19,1
DA:20,2
DA:21,1
LF:10
LH:10
end_of_record
SF:lib/features/project_details/presentation/cubits/create_task/create_task_state.dart
DA:7,1
DA:8,1
DA:18,1
DA:20,1
DA:21,3
DA:26,1
DA:28,1
DA:29,2
LF:8
LH:8
end_of_record
